\BOOKMARK [-1][-]{part.1}{\376\377\173\054\116\000\220\350\122\006\000\040\152\041\127\213\116\016\142\200\135\347}{}% 1
\BOOKMARK [0][-]{chapter.1}{\376\377\150\070\137\303\152\041\127\213\116\016\133\232\164\006}{part.1}% 2
\BOOKMARK [1][-]{section.1.1}{\376\377\147\357\211\177\116\015\173\111\137\017}{chapter.1}% 3
\BOOKMARK [2][-]{subsection.1.1.1}{\376\377\116\343\145\160\137\142\137\017}{section.1.1}% 4
\BOOKMARK [2][-]{subsection.1.1.2}{\376\377\116\214\176\364\162\171\153\212\137\142\137\017}{section.1.1}% 5
\BOOKMARK [2][-]{subsection.1.1.3}{\376\377\121\340\117\125\211\343\221\312}{section.1.1}% 6
\BOOKMARK [2][-]{subsection.1.1.4}{\376\377\117\213\230\230}{section.1.1}% 7
\BOOKMARK [1][-]{section.1.2}{\376\377\226\077\154\342\177\127\134\074\145\257\127\006}{chapter.1}% 8
\BOOKMARK [2][-]{subsection.1.2.1}{\376\377\133\232\116\111\116\016\147\204\220\040}{section.1.2}% 9
\BOOKMARK [2][-]{subsection.1.2.2}{\376\377\127\120\150\007\154\325\213\301\146\016}{section.1.2}% 10
\BOOKMARK [1][-]{section.1.3}{\376\377\226\077\127\372\174\163\137\267\116\011\211\322\137\142}{chapter.1}% 11
\BOOKMARK [2][-]{subsection.1.3.1}{\376\377\133\232\116\111}{section.1.3}% 12
\BOOKMARK [2][-]{subsection.1.3.2}{\376\377\150\070\137\303\140\047\215\050}{section.1.3}% 13
\BOOKMARK [2][-]{subsection.1.3.3}{\376\377\173\200\123\125\213\301\146\016}{section.1.3}% 14
\BOOKMARK [1][-]{section.1.4}{\376\377\116\015\122\250\160\271\211\343\121\263\145\160\122\027\225\356\230\230}{chapter.1}% 15
\BOOKMARK [2][-]{subsection.1.4.1}{\376\377\116\015\122\250\160\271\133\232\116\111}{section.1.4}% 16
\BOOKMARK [2][-]{subsection.1.4.2}{\376\377\150\070\137\303\140\047\215\050}{section.1.4}% 17
\BOOKMARK [2][-]{subsection.1.4.3}{\376\377\211\343\230\230\140\035\215\357}{section.1.4}% 18
\BOOKMARK [2][-]{subsection.1.4.4}{\376\377\117\213\230\230}{section.1.4}% 19
\BOOKMARK [1][-]{section.1.5}{\376\377\116\011\211\322\137\142\166\204\211\322\136\163\122\006\176\277\116\016\116\055\176\277}{chapter.1}% 20
\BOOKMARK [2][-]{subsection.1.5.1}{\376\377\211\322\136\163\122\006\176\277\166\370\121\163}{section.1.5}% 21
\BOOKMARK [2][-]{subsection.1.5.2}{\376\377\116\055\176\277\166\370\121\163}{section.1.5}% 22
\BOOKMARK [1][-]{section.1.6}{\376\377\165\050\124\021\221\317\154\102\116\011\211\322\137\142\166\204\227\142\171\357}{chapter.1}% 23
\BOOKMARK [2][-]{subsection.1.6.1}{\376\377\124\021\221\317\131\026\171\357\121\154\137\017}{section.1.6}% 24
\BOOKMARK [2][-]{subsection.1.6.2}{\376\377\127\120\150\007\154\325\136\224\165\050}{section.1.6}% 25
\BOOKMARK [1][-]{section.1.7}{\376\377\116\011\120\015\211\322\133\232\164\006\116\016\145\160\122\027\154\102\124\214\142\200\135\347}{chapter.1}% 26
\BOOKMARK [2][-]{subsection.1.7.1}{\376\377\116\011\120\015\211\322\121\154\137\017}{section.1.7}% 27
\BOOKMARK [2][-]{subsection.1.7.2}{\376\377\225\031\117\115\166\370\121\317\154\325}{section.1.7}% 28
\BOOKMARK [2][-]{subsection.1.7.3}{\376\377\210\302\230\171\166\370\155\210\154\325}{section.1.7}% 29
\BOOKMARK [1][-]{section.1.8}{\376\377\172\313\117\123\121\340\117\125\154\325\124\021\221\317\173\200\123\125\154\102\154\325}{chapter.1}% 30
\BOOKMARK [1][-]{section.1.9}{\376\377\142\311\116\130\122\240\154\325\377\010\126\340\137\017\122\006\211\343\142\200\135\347\377\011}{chapter.1}% 31
\BOOKMARK [1][-]{section.1.10}{\376\377\116\000\122\250\160\271\122\060\116\044\133\232\160\271\215\335\171\273\136\163\145\271\124\214}{chapter.1}% 32
\BOOKMARK [1][-]{section.1.11}{\376\377\154\102\137\002\227\142\166\364\176\277\166\204\215\335\171\273}{chapter.1}% 33
\BOOKMARK [1][-]{section.1.12}{\376\377\116\011\117\131\137\046\133\232\164\006\116\016\116\011\153\143\137\046\133\232\164\006}{chapter.1}% 34
\BOOKMARK [2][-]{subsection.1.12.1}{\376\377\116\011\117\131\137\046\133\232\164\006\377\010\147\000\134\017\211\322\133\232\164\006\377\011}{section.1.12}% 35
\BOOKMARK [2][-]{subsection.1.12.2}{\376\377\116\011\153\143\137\046\133\232\164\006\377\010\116\214\227\142\211\322\147\000\131\047\377\011}{section.1.12}% 36
\BOOKMARK [1][-]{section.1.13}{\376\377\154\360\122\322\134\125\137\000\116\016\236\246\121\113\122\263\147\227\121\154\137\017}{chapter.1}% 37
\BOOKMARK [2][-]{subsection.1.13.1}{\376\377\154\360\122\322\121\154\137\017}{section.1.13}% 38
\BOOKMARK [2][-]{subsection.1.13.2}{\376\377\236\246\121\113\122\263\147\227\134\125\137\000}{section.1.13}% 39
\BOOKMARK [2][-]{subsection.1.13.3}{\376\377\136\070\165\050\116\015\173\111\137\017\143\250\133\374}{section.1.13}% 40
\BOOKMARK [1][-]{section.1.14}{\376\377\221\315\211\201\116\015\173\111\137\017}{chapter.1}% 41
\BOOKMARK [2][-]{subsection.1.14.1}{\376\377\127\372\147\054\116\015\173\111\137\017}{section.1.14}% 42
\BOOKMARK [2][-]{subsection.1.14.2}{\376\377\147\357\211\177\116\015\173\111\137\017}{section.1.14}% 43
\BOOKMARK [2][-]{subsection.1.14.3}{\376\377\117\057\122\252\122\051\116\015\173\111\137\017}{section.1.14}% 44
\BOOKMARK [2][-]{subsection.1.14.4}{\376\377\133\371\145\160\116\015\173\111\137\017}{section.1.14}% 45
\BOOKMARK [1][-]{section.1.15}{\376\377\147\201\160\271\147\201\176\277\377\014\214\003\124\214\160\271\122\027\377\014\133\232\153\324\160\271\135\356}{chapter.1}% 46
\BOOKMARK [2][-]{subsection.1.15.1}{\376\377\214\003\124\214\160\271\122\027\133\232\116\111}{section.1.15}% 47
\BOOKMARK [2][-]{subsection.1.15.2}{\376\377\150\070\137\303\140\047\215\050}{section.1.15}% 48
\BOOKMARK [2][-]{subsection.1.15.3}{\376\377\133\232\153\324\160\271\135\356\154\325}{section.1.15}% 49
\BOOKMARK [1][-]{section.1.16}{\376\377\131\124\232\160\133\232\164\006\116\016\126\333\137\303}{chapter.1}% 50
\BOOKMARK [2][-]{subsection.1.16.1}{\376\377\131\124\232\160\133\232\164\006}{section.1.16}% 51
\BOOKMARK [2][-]{subsection.1.16.2}{\376\377\126\333\137\303\166\204\153\324\117\213\121\163\174\373}{section.1.16}% 52
\BOOKMARK [1][-]{section.1.17}{\376\377\217\307\161\046\160\271\166\364\176\277\116\016\127\006\225\045\146\362\176\277}{chapter.1}% 53
\BOOKMARK [2][-]{subsection.1.17.1}{\376\377\151\055\127\006}{section.1.17}% 54
\BOOKMARK [2][-]{subsection.1.17.2}{\376\377\123\314\146\362\176\277}{section.1.17}% 55
\BOOKMARK [2][-]{subsection.1.17.3}{\376\377\142\233\162\151\176\277}{section.1.17}% 56
\BOOKMARK [1][-]{section.1.18}{\376\377\116\011\211\322\121\375\145\160\176\323\213\272}{chapter.1}% 57
\BOOKMARK [1][-]{section.1.19}{\376\377\142\320\160\271\116\016\121\375\145\160\121\371\121\370\140\047}{chapter.1}% 58
\BOOKMARK [2][-]{subsection.1.19.1}{\376\377\121\371\121\370\140\047\133\232\116\111}{section.1.19}% 59
\BOOKMARK [2][-]{subsection.1.19.2}{\376\377\121\371\121\370\140\047\116\016\116\214\226\066\133\374\145\160}{section.1.19}% 60
\BOOKMARK [2][-]{subsection.1.19.3}{\376\377\142\320\160\271\133\232\116\111}{section.1.19}% 61
\BOOKMARK [1][-]{section.1.20}{\376\377\174\163\122\322\133\232\164\006}{chapter.1}% 62
\BOOKMARK [1][-]{section.1.21}{\376\377\147\201\127\120\150\007}{chapter.1}% 63
\BOOKMARK [1][-]{section.1.22}{\376\377\176\304\124\010\145\160\166\204\143\250\213\272}{chapter.1}% 64
\BOOKMARK [1][-]{section.1.23}{\376\377\127\006\225\045\146\362\176\277\145\271\172\013\200\124\172\313\137\353\220\037\176\323\213\272}{chapter.1}% 65
\BOOKMARK [-1][-]{part.2}{\376\377\173\054\116\214\220\350\122\006\000\040\133\146\225\177\166\204\200\003\122\115\137\305\122\067\230\230\377\010\130\236\137\072\230\230\141\037\377\011}{}% 66
\BOOKMARK [0][-]{chapter.2}{\376\377\137\305\122\067\0002\0000\230\230}{part.2}% 67
\BOOKMARK [1][-]{section.2.1}{\376\377\230\230\166\356\0001}{chapter.2}% 68
\BOOKMARK [2][-]{subsection.2.1.1}{\376\377\173\124\150\110}{section.2.1}% 69
\BOOKMARK [1][-]{section.2.2}{\376\377\230\230\166\356\0002}{chapter.2}% 70
\BOOKMARK [2][-]{subsection.2.2.1}{\376\377\173\124\150\110}{section.2.2}% 71
\BOOKMARK [1][-]{section.2.3}{\376\377\230\230\166\356\0003}{chapter.2}% 72
\BOOKMARK [2][-]{subsection.2.3.1}{\376\377\173\124\150\110}{section.2.3}% 73
\BOOKMARK [1][-]{section.2.4}{\376\377\230\230\166\356\0004}{chapter.2}% 74
\BOOKMARK [2][-]{subsection.2.4.1}{\376\377\173\124\150\110}{section.2.4}% 75
\BOOKMARK [1][-]{section.2.5}{\376\377\230\230\166\356\0005}{chapter.2}% 76
\BOOKMARK [2][-]{subsection.2.5.1}{\376\377\173\124\150\110}{section.2.5}% 77
\BOOKMARK [1][-]{section.2.6}{\376\377\230\230\166\356\0006}{chapter.2}% 78
\BOOKMARK [2][-]{subsection.2.6.1}{\376\377\173\124\150\110}{section.2.6}% 79
\BOOKMARK [1][-]{section.2.7}{\376\377\230\230\166\356\0007}{chapter.2}% 80
\BOOKMARK [2][-]{subsection.2.7.1}{\376\377\173\124\150\110}{section.2.7}% 81
\BOOKMARK [1][-]{section.2.8}{\376\377\230\230\166\356\0008}{chapter.2}% 82
\BOOKMARK [2][-]{subsection.2.8.1}{\376\377\173\124\150\110}{section.2.8}% 83
\BOOKMARK [1][-]{section.2.9}{\376\377\230\230\166\356\0009}{chapter.2}% 84
\BOOKMARK [2][-]{subsection.2.9.1}{\376\377\173\124\150\110}{section.2.9}% 85
\BOOKMARK [1][-]{section.2.10}{\376\377\230\230\166\356\0001\0000}{chapter.2}% 86
\BOOKMARK [2][-]{subsection.2.10.1}{\376\377\173\124\150\110}{section.2.10}% 87
\BOOKMARK [1][-]{section.2.11}{\376\377\230\230\166\356\0001\0001}{chapter.2}% 88
\BOOKMARK [2][-]{subsection.2.11.1}{\376\377\173\124\150\110}{section.2.11}% 89
\BOOKMARK [1][-]{section.2.12}{\376\377\230\230\166\356\0001\0002}{chapter.2}% 90
\BOOKMARK [1][-]{section.2.13}{\376\377\230\230\166\356\0001\0003}{chapter.2}% 91
\BOOKMARK [2][-]{subsection.2.13.1}{\376\377\173\124\150\110}{section.2.13}% 92
\BOOKMARK [1][-]{section.2.14}{\376\377\230\230\166\356\0001\0004}{chapter.2}% 93
\BOOKMARK [2][-]{subsection.2.14.1}{\376\377\173\124\150\110}{section.2.14}% 94
\BOOKMARK [1][-]{section.2.15}{\376\377\230\230\166\356\0001\0005}{chapter.2}% 95
\BOOKMARK [2][-]{subsection.2.15.1}{\376\377\173\124\150\110}{section.2.15}% 96
\BOOKMARK [1][-]{section.2.16}{\376\377\230\230\166\356\0001\0006}{chapter.2}% 97
\BOOKMARK [2][-]{subsection.2.16.1}{\376\377\173\124\150\110}{section.2.16}% 98
\BOOKMARK [1][-]{section.2.17}{\376\377\230\230\166\356\0001\0007}{chapter.2}% 99
\BOOKMARK [2][-]{subsection.2.17.1}{\376\377\173\124\150\110}{section.2.17}% 100
\BOOKMARK [1][-]{section.2.18}{\376\377\230\230\166\356\0001\0008}{chapter.2}% 101
\BOOKMARK [2][-]{subsection.2.18.1}{\376\377\173\124\150\110}{section.2.18}% 102
\BOOKMARK [1][-]{section.2.19}{\376\377\230\230\166\356\0001\0009}{chapter.2}% 103
\BOOKMARK [2][-]{subsection.2.19.1}{\376\377\173\124\150\110}{section.2.19}% 104
\BOOKMARK [1][-]{section.2.20}{\376\377\230\230\166\356\0002\0000}{chapter.2}% 105
\BOOKMARK [2][-]{subsection.2.20.1}{\376\377\173\124\150\110}{section.2.20}% 106
\BOOKMARK [1][-]{section.2.21}{\376\377\213\346\176\306\173\124\150\110}{chapter.2}% 107
\BOOKMARK [-1][-]{part.3}{\376\377\173\054\116\011\220\350\122\006\000\040\146\023\225\031\160\271\116\016\172\172\166\175\173\024\213\260\131\004}{}% 108
\BOOKMARK [0][-]{chapter.3}{\376\377\146\023\225\031\160\271\140\073\176\323}{part.3}% 109
\BOOKMARK [0][-]{chapter.4}{\376\377\172\172\166\175\173\024\213\260\131\004}{part.3}% 110
